CRITICAL - 2022-07-24 11:53:58 --> Undefined variable: allCities
#0 /Applications/XAMPP/xamppfiles/htdocs/webapp/app/Views/admin/admin-profile.php(76): CodeIgniter\Debug\Exceptions->errorHandler(8, 'Undefined varia...', '/Applications/X...', 76, Array)
#1 /Applications/XAMPP/xamppfiles/htdocs/webapp/system/View/View.php(210): include('/Applications/X...')
#2 /Applications/XAMPP/xamppfiles/htdocs/webapp/system/View/View.php(213): CodeIgniter\View\View->CodeIgniter\View\{closure}()
#3 /Applications/XAMPP/xamppfiles/htdocs/webapp/system/Common.php(1089): CodeIgniter\View\View->render('admin/admin-pro...', Array, true)
#4 /Applications/XAMPP/xamppfiles/htdocs/webapp/app/Views/admin/admin-template.php(13): view('admin/admin-pro...', Array)
#5 /Applications/XAMPP/xamppfiles/htdocs/webapp/system/View/View.php(210): include('/Applications/X...')
#6 /Applications/XAMPP/xamppfiles/htdocs/webapp/system/View/View.php(213): CodeIgniter\View\View->CodeIgniter\View\{closure}()
#7 /Applications/XAMPP/xamppfiles/htdocs/webapp/system/Common.php(1089): CodeIgniter\View\View->render('admin/admin-tem...', Array, true)
#8 /Applications/XAMPP/xamppfiles/htdocs/webapp/app/Controllers/AdministratorsController.php(332): view('admin/admin-tem...', Array)
#9 /Applications/XAMPP/xamppfiles/htdocs/webapp/system/CodeIgniter.php(832): App\Controllers\AdministratorsController->myProfile()
#10 /Applications/XAMPP/xamppfiles/htdocs/webapp/system/CodeIgniter.php(419): CodeIgniter\CodeIgniter->runController(Object(App\Controllers\AdministratorsController))
#11 /Applications/XAMPP/xamppfiles/htdocs/webapp/system/CodeIgniter.php(326): CodeIgniter\CodeIgniter->handleRequest(NULL, Object(Config\Cache), false)
#12 /Applications/XAMPP/xamppfiles/htdocs/webapp/public/index.php(37): CodeIgniter\CodeIgniter->run()
#13 {main}
CRITICAL - 2022-07-24 16:18:12 --> Too few arguments to function App\Models\Administrators::updateAdminProfileInformation(), 1 passed in /Applications/XAMPP/xamppfiles/htdocs/webapp/app/Controllers/AdministratorsController.php on line 413 and exactly 2 expected
#0 /Applications/XAMPP/xamppfiles/htdocs/webapp/app/Controllers/AdministratorsController.php(413): App\Models\Administrators->updateAdminProfileInformation(Array)
#1 /Applications/XAMPP/xamppfiles/htdocs/webapp/system/CodeIgniter.php(832): App\Controllers\AdministratorsController->processProfileFormSubmit()
#2 /Applications/XAMPP/xamppfiles/htdocs/webapp/system/CodeIgniter.php(419): CodeIgniter\CodeIgniter->runController(Object(App\Controllers\AdministratorsController))
#3 /Applications/XAMPP/xamppfiles/htdocs/webapp/system/CodeIgniter.php(326): CodeIgniter\CodeIgniter->handleRequest(NULL, Object(Config\Cache), false)
#4 /Applications/XAMPP/xamppfiles/htdocs/webapp/public/index.php(37): CodeIgniter\CodeIgniter->run()
#5 {main}
