CRITICAL - 2022-08-15 21:50:23 --> Undefined variable: posts
#0 /Applications/XAMPP/xamppfiles/htdocs/webapp/app/Views/admin/admin-add-post.php(41): CodeIgniter\Debug\Exceptions->errorHandler(8, 'Undefined varia...', '/Applications/X...', 41, Array)
#1 /Applications/XAMPP/xamppfiles/htdocs/webapp/system/View/View.php(210): include('/Applications/X...')
#2 /Applications/XAMPP/xamppfiles/htdocs/webapp/system/View/View.php(213): CodeIgniter\View\View->CodeIgniter\View\{closure}()
#3 /Applications/XAMPP/xamppfiles/htdocs/webapp/system/Common.php(1089): CodeIgniter\View\View->render('admin/admin-add...', Array, true)
#4 /Applications/XAMPP/xamppfiles/htdocs/webapp/app/Views/admin/admin-template.php(13): view('admin/admin-add...', Array)
#5 /Applications/XAMPP/xamppfiles/htdocs/webapp/system/View/View.php(210): include('/Applications/X...')
#6 /Applications/XAMPP/xamppfiles/htdocs/webapp/system/View/View.php(213): CodeIgniter\View\View->CodeIgniter\View\{closure}()
#7 /Applications/XAMPP/xamppfiles/htdocs/webapp/system/Common.php(1089): CodeIgniter\View\View->render('admin/admin-tem...', Array, true)
#8 /Applications/XAMPP/xamppfiles/htdocs/webapp/app/Controllers/AdministratorsController.php(453): view('admin/admin-tem...', Array)
#9 /Applications/XAMPP/xamppfiles/htdocs/webapp/system/CodeIgniter.php(832): App\Controllers\AdministratorsController->addPostForm()
#10 /Applications/XAMPP/xamppfiles/htdocs/webapp/system/CodeIgniter.php(419): CodeIgniter\CodeIgniter->runController(Object(App\Controllers\AdministratorsController))
#11 /Applications/XAMPP/xamppfiles/htdocs/webapp/system/CodeIgniter.php(326): CodeIgniter\CodeIgniter->handleRequest(NULL, Object(Config\Cache), false)
#12 /Applications/XAMPP/xamppfiles/htdocs/webapp/public/index.php(37): CodeIgniter\CodeIgniter->run()
#13 {main}
CRITICAL - 2022-08-15 21:50:42 --> Undefined variable: posts
#0 /Applications/XAMPP/xamppfiles/htdocs/webapp/app/Views/admin/admin-add-post.php(41): CodeIgniter\Debug\Exceptions->errorHandler(8, 'Undefined varia...', '/Applications/X...', 41, Array)
#1 /Applications/XAMPP/xamppfiles/htdocs/webapp/system/View/View.php(210): include('/Applications/X...')
#2 /Applications/XAMPP/xamppfiles/htdocs/webapp/system/View/View.php(213): CodeIgniter\View\View->CodeIgniter\View\{closure}()
#3 /Applications/XAMPP/xamppfiles/htdocs/webapp/system/Common.php(1089): CodeIgniter\View\View->render('admin/admin-add...', Array, true)
#4 /Applications/XAMPP/xamppfiles/htdocs/webapp/app/Views/admin/admin-template.php(13): view('admin/admin-add...', Array)
#5 /Applications/XAMPP/xamppfiles/htdocs/webapp/system/View/View.php(210): include('/Applications/X...')
#6 /Applications/XAMPP/xamppfiles/htdocs/webapp/system/View/View.php(213): CodeIgniter\View\View->CodeIgniter\View\{closure}()
#7 /Applications/XAMPP/xamppfiles/htdocs/webapp/system/Common.php(1089): CodeIgniter\View\View->render('admin/admin-tem...', Array, true)
#8 /Applications/XAMPP/xamppfiles/htdocs/webapp/app/Controllers/AdministratorsController.php(453): view('admin/admin-tem...', Array)
#9 /Applications/XAMPP/xamppfiles/htdocs/webapp/system/CodeIgniter.php(832): App\Controllers\AdministratorsController->addPostForm()
#10 /Applications/XAMPP/xamppfiles/htdocs/webapp/system/CodeIgniter.php(419): CodeIgniter\CodeIgniter->runController(Object(App\Controllers\AdministratorsController))
#11 /Applications/XAMPP/xamppfiles/htdocs/webapp/system/CodeIgniter.php(326): CodeIgniter\CodeIgniter->handleRequest(NULL, Object(Config\Cache), false)
#12 /Applications/XAMPP/xamppfiles/htdocs/webapp/public/index.php(37): CodeIgniter\CodeIgniter->run()
#13 {main}
CRITICAL - 2022-08-15 22:32:39 --> Allowed fields must be specified for model: {0}
#0 /Applications/XAMPP/xamppfiles/htdocs/webapp/system/BaseModel.php(1138): CodeIgniter\Database\Exceptions\DataException::forInvalidAllowedFields('App\\Models\\Admi...')
#1 /Applications/XAMPP/xamppfiles/htdocs/webapp/system/BaseModel.php(713): CodeIgniter\BaseModel->doProtectFields(Array)
#2 /Applications/XAMPP/xamppfiles/htdocs/webapp/system/Model.php(625): CodeIgniter\BaseModel->insert(Array, true)
#3 /Applications/XAMPP/xamppfiles/htdocs/webapp/app/Controllers/AdministratorsController.php(495): CodeIgniter\Model->insert(Array)
#4 /Applications/XAMPP/xamppfiles/htdocs/webapp/system/CodeIgniter.php(832): App\Controllers\AdministratorsController->addPost()
#5 /Applications/XAMPP/xamppfiles/htdocs/webapp/system/CodeIgniter.php(419): CodeIgniter\CodeIgniter->runController(Object(App\Controllers\AdministratorsController))
#6 /Applications/XAMPP/xamppfiles/htdocs/webapp/system/CodeIgniter.php(326): CodeIgniter\CodeIgniter->handleRequest(NULL, Object(Config\Cache), false)
#7 /Applications/XAMPP/xamppfiles/htdocs/webapp/public/index.php(37): CodeIgniter\CodeIgniter->run()
#8 {main}
CRITICAL - 2022-08-15 22:32:49 --> Allowed fields must be specified for model: {0}
#0 /Applications/XAMPP/xamppfiles/htdocs/webapp/system/BaseModel.php(1138): CodeIgniter\Database\Exceptions\DataException::forInvalidAllowedFields('App\\Models\\Admi...')
#1 /Applications/XAMPP/xamppfiles/htdocs/webapp/system/BaseModel.php(713): CodeIgniter\BaseModel->doProtectFields(Array)
#2 /Applications/XAMPP/xamppfiles/htdocs/webapp/system/Model.php(625): CodeIgniter\BaseModel->insert(Array, true)
#3 /Applications/XAMPP/xamppfiles/htdocs/webapp/app/Controllers/AdministratorsController.php(495): CodeIgniter\Model->insert(Array)
#4 /Applications/XAMPP/xamppfiles/htdocs/webapp/system/CodeIgniter.php(832): App\Controllers\AdministratorsController->addPost()
#5 /Applications/XAMPP/xamppfiles/htdocs/webapp/system/CodeIgniter.php(419): CodeIgniter\CodeIgniter->runController(Object(App\Controllers\AdministratorsController))
#6 /Applications/XAMPP/xamppfiles/htdocs/webapp/system/CodeIgniter.php(326): CodeIgniter\CodeIgniter->handleRequest(NULL, Object(Config\Cache), false)
#7 /Applications/XAMPP/xamppfiles/htdocs/webapp/public/index.php(37): CodeIgniter\CodeIgniter->run()
#8 {main}
