CRITICAL - 2022-07-23 18:59:40 --> Undefined property: stdClass::$amount_balance
#0 /Applications/XAMPP/xamppfiles/htdocs/webapp/app/Models/Administrators.php(107): CodeIgniter\Debug\Exceptions->errorHandler(8, 'Undefined prope...', '/Applications/X...', 107, Array)
#1 /Applications/XAMPP/xamppfiles/htdocs/webapp/app/Controllers/AdministratorsController.php(82): App\Models\Administrators->getAllPendingWithdrawals()
#2 /Applications/XAMPP/xamppfiles/htdocs/webapp/system/CodeIgniter.php(832): App\Controllers\AdministratorsController->index()
#3 /Applications/XAMPP/xamppfiles/htdocs/webapp/system/CodeIgniter.php(419): CodeIgniter\CodeIgniter->runController(Object(App\Controllers\AdministratorsController))
#4 /Applications/XAMPP/xamppfiles/htdocs/webapp/system/CodeIgniter.php(326): CodeIgniter\CodeIgniter->handleRequest(NULL, Object(Config\Cache), false)
#5 /Applications/XAMPP/xamppfiles/htdocs/webapp/public/index.php(37): CodeIgniter\CodeIgniter->run()
#6 {main}
CRITICAL - 2022-07-23 19:02:50 --> Undefined property: stdClass::$age
#0 /Applications/XAMPP/xamppfiles/htdocs/webapp/app/Views/admin/admin-manage-users.php(85): CodeIgniter\Debug\Exceptions->errorHandler(8, 'Undefined prope...', '/Applications/X...', 85, Array)
#1 /Applications/XAMPP/xamppfiles/htdocs/webapp/system/View/View.php(210): include('/Applications/X...')
#2 /Applications/XAMPP/xamppfiles/htdocs/webapp/system/View/View.php(213): CodeIgniter\View\View->CodeIgniter\View\{closure}()
#3 /Applications/XAMPP/xamppfiles/htdocs/webapp/system/Common.php(1089): CodeIgniter\View\View->render('admin/admin-man...', Array, true)
#4 /Applications/XAMPP/xamppfiles/htdocs/webapp/app/Views/admin/admin-template.php(13): view('admin/admin-man...', Array)
#5 /Applications/XAMPP/xamppfiles/htdocs/webapp/system/View/View.php(210): include('/Applications/X...')
#6 /Applications/XAMPP/xamppfiles/htdocs/webapp/system/View/View.php(213): CodeIgniter\View\View->CodeIgniter\View\{closure}()
#7 /Applications/XAMPP/xamppfiles/htdocs/webapp/system/Common.php(1089): CodeIgniter\View\View->render('admin/admin-tem...', Array, true)
#8 /Applications/XAMPP/xamppfiles/htdocs/webapp/app/Controllers/AdministratorsController.php(322): view('admin/admin-tem...', Array)
#9 /Applications/XAMPP/xamppfiles/htdocs/webapp/system/CodeIgniter.php(832): App\Controllers\AdministratorsController->getAllUsersList()
#10 /Applications/XAMPP/xamppfiles/htdocs/webapp/system/CodeIgniter.php(419): CodeIgniter\CodeIgniter->runController(Object(App\Controllers\AdministratorsController))
#11 /Applications/XAMPP/xamppfiles/htdocs/webapp/system/CodeIgniter.php(326): CodeIgniter\CodeIgniter->handleRequest(NULL, Object(Config\Cache), false)
#12 /Applications/XAMPP/xamppfiles/htdocs/webapp/public/index.php(37): CodeIgniter\CodeIgniter->run()
#13 {main}
CRITICAL - 2022-07-23 19:14:03 --> Undefined property: stdClass::$age
#0 /Applications/XAMPP/xamppfiles/htdocs/webapp/app/Views/admin/admin-manage-users.php(85): CodeIgniter\Debug\Exceptions->errorHandler(8, 'Undefined prope...', '/Applications/X...', 85, Array)
#1 /Applications/XAMPP/xamppfiles/htdocs/webapp/system/View/View.php(210): include('/Applications/X...')
#2 /Applications/XAMPP/xamppfiles/htdocs/webapp/system/View/View.php(213): CodeIgniter\View\View->CodeIgniter\View\{closure}()
#3 /Applications/XAMPP/xamppfiles/htdocs/webapp/system/Common.php(1089): CodeIgniter\View\View->render('admin/admin-man...', Array, true)
#4 /Applications/XAMPP/xamppfiles/htdocs/webapp/app/Views/admin/admin-template.php(13): view('admin/admin-man...', Array)
#5 /Applications/XAMPP/xamppfiles/htdocs/webapp/system/View/View.php(210): include('/Applications/X...')
#6 /Applications/XAMPP/xamppfiles/htdocs/webapp/system/View/View.php(213): CodeIgniter\View\View->CodeIgniter\View\{closure}()
#7 /Applications/XAMPP/xamppfiles/htdocs/webapp/system/Common.php(1089): CodeIgniter\View\View->render('admin/admin-tem...', Array, true)
#8 /Applications/XAMPP/xamppfiles/htdocs/webapp/app/Controllers/AdministratorsController.php(322): view('admin/admin-tem...', Array)
#9 /Applications/XAMPP/xamppfiles/htdocs/webapp/system/CodeIgniter.php(832): App\Controllers\AdministratorsController->getAllUsersList()
#10 /Applications/XAMPP/xamppfiles/htdocs/webapp/system/CodeIgniter.php(419): CodeIgniter\CodeIgniter->runController(Object(App\Controllers\AdministratorsController))
#11 /Applications/XAMPP/xamppfiles/htdocs/webapp/system/CodeIgniter.php(326): CodeIgniter\CodeIgniter->handleRequest(NULL, Object(Config\Cache), false)
#12 /Applications/XAMPP/xamppfiles/htdocs/webapp/public/index.php(37): CodeIgniter\CodeIgniter->run()
#13 {main}
CRITICAL - 2022-07-23 19:14:06 --> Undefined property: stdClass::$age
#0 /Applications/XAMPP/xamppfiles/htdocs/webapp/app/Views/admin/admin-manage-users.php(85): CodeIgniter\Debug\Exceptions->errorHandler(8, 'Undefined prope...', '/Applications/X...', 85, Array)
#1 /Applications/XAMPP/xamppfiles/htdocs/webapp/system/View/View.php(210): include('/Applications/X...')
#2 /Applications/XAMPP/xamppfiles/htdocs/webapp/system/View/View.php(213): CodeIgniter\View\View->CodeIgniter\View\{closure}()
#3 /Applications/XAMPP/xamppfiles/htdocs/webapp/system/Common.php(1089): CodeIgniter\View\View->render('admin/admin-man...', Array, true)
#4 /Applications/XAMPP/xamppfiles/htdocs/webapp/app/Views/admin/admin-template.php(13): view('admin/admin-man...', Array)
#5 /Applications/XAMPP/xamppfiles/htdocs/webapp/system/View/View.php(210): include('/Applications/X...')
#6 /Applications/XAMPP/xamppfiles/htdocs/webapp/system/View/View.php(213): CodeIgniter\View\View->CodeIgniter\View\{closure}()
#7 /Applications/XAMPP/xamppfiles/htdocs/webapp/system/Common.php(1089): CodeIgniter\View\View->render('admin/admin-tem...', Array, true)
#8 /Applications/XAMPP/xamppfiles/htdocs/webapp/app/Controllers/AdministratorsController.php(322): view('admin/admin-tem...', Array)
#9 /Applications/XAMPP/xamppfiles/htdocs/webapp/system/CodeIgniter.php(832): App\Controllers\AdministratorsController->getAllUsersList()
#10 /Applications/XAMPP/xamppfiles/htdocs/webapp/system/CodeIgniter.php(419): CodeIgniter\CodeIgniter->runController(Object(App\Controllers\AdministratorsController))
#11 /Applications/XAMPP/xamppfiles/htdocs/webapp/system/CodeIgniter.php(326): CodeIgniter\CodeIgniter->handleRequest(NULL, Object(Config\Cache), false)
#12 /Applications/XAMPP/xamppfiles/htdocs/webapp/public/index.php(37): CodeIgniter\CodeIgniter->run()
#13 {main}
